[info] welcome to sbt 1.7.1 (Temurin Java 1.8.0_342)
[info] loading settings for project jcg-build from plugins.sbt ...
[info] loading project definition from /home/JCG/JCG/project
[info] loading settings for project jcg_annotations from build.sbt ...
[info] loading settings for project jcg_testcases from build.sbt ...
[info] loading settings for project jcg_annotation_matcher from build.sbt ...
[info] loading settings for project jcg_wala_testadapter from build.sbt ...
[info] loading settings for project jcg_soot_testadapter from build.sbt ...
[info] loading settings for project jcg_opal_testadapter from build.sbt ...
[info] loading settings for project jcg_doop_testadapter from build.sbt ...
[info] loading settings for project jcg_testadapter_commons from build.sbt ...
[info] loading settings for project jcg_evaluation from build.sbt ...
[info] loading settings for project jcg from build.sbt ...
[info] resolving key references (10457 settings) ...
[info] set current project to jcg (in build file:/home/JCG/JCG/)
[info] set current project to JCG Evaluation (in build file:/home/JCG/JCG/)
[info] running CompareCGs --input1 /dynamiccg/cg.json --input2 /staticcg/cg.json --showPrecisionRecall all --strict f
[error] java.io.FileNotFoundException: /staticcg/cg.json (No such file or directory)
[error] 	at java.io.FileInputStream.open0(Native Method)
[error] 	at java.io.FileInputStream.open(FileInputStream.java:195)
[error] 	at java.io.FileInputStream.<init>(FileInputStream.java:138)
[error] 	at java.io.FileInputStream.<init>(FileInputStream.java:93)
[error] 	at CompareCGs$.main(CompareCGs.scala:72)
[error] 	at CompareCGs.main(CompareCGs.scala)
[error] 	at sun.reflect.NativeMethodAccessorImpl.invoke0(Native Method)
[error] 	at sun.reflect.NativeMethodAccessorImpl.invoke(NativeMethodAccessorImpl.java:62)
[error] 	at sun.reflect.DelegatingMethodAccessorImpl.invoke(DelegatingMethodAccessorImpl.java:43)
[error] 	at java.lang.reflect.Method.invoke(Method.java:498)
[error] stack trace is suppressed; run 'last Compile / runMain' for the full output
[error] (Compile / runMain) java.io.FileNotFoundException: /staticcg/cg.json (No such file or directory)
[error] Total time: 4 s, completed Nov 27, 2023 3:18:09 PM
